0 info it worked if it ends with ok
1 verbose cli [ '/usr/bin/node', '/usr/bin/npm', 'install' ]
2 info using npm@1.4.28
3 info using node@v0.10.40
4 verbose node symlink /usr/bin/node
5 warn package.json OverMatch@1.0.1 No repository field.
6 verbose readDependencies using package.json deps
7 verbose install where, deps [ '/home/gabranches/overmatch',
7 verbose install   [ 'ejs',
7 verbose install     'express',
7 verbose install     'express-session',
7 verbose install     'jade',
7 verbose install     'mongoose',
7 verbose install     'rangeslider.js',
7 verbose install     'socket.io' ] ]
8 info preinstall OverMatch@1.0.1
9 verbose readDependencies using package.json deps
10 verbose cache add [ 'ejs@^2.3.4', null ]
11 verbose cache add name=undefined spec="ejs@^2.3.4" args=["ejs@^2.3.4",null]
12 verbose parsed url { protocol: null,
12 verbose parsed url   slashes: null,
12 verbose parsed url   auth: null,
12 verbose parsed url   host: null,
12 verbose parsed url   port: null,
12 verbose parsed url   hostname: null,
12 verbose parsed url   hash: null,
12 verbose parsed url   search: null,
12 verbose parsed url   query: null,
12 verbose parsed url   pathname: 'ejs@^2.3.4',
12 verbose parsed url   path: 'ejs@^2.3.4',
12 verbose parsed url   href: 'ejs@^2.3.4' }
13 verbose cache add [ 'express@^4.10.2', null ]
14 verbose cache add name=undefined spec="express@^4.10.2" args=["express@^4.10.2",null]
15 verbose parsed url { protocol: null,
15 verbose parsed url   slashes: null,
15 verbose parsed url   auth: null,
15 verbose parsed url   host: null,
15 verbose parsed url   port: null,
15 verbose parsed url   hostname: null,
15 verbose parsed url   hash: null,
15 verbose parsed url   search: null,
15 verbose parsed url   query: null,
15 verbose parsed url   pathname: 'express@^4.10.2',
15 verbose parsed url   path: 'express@^4.10.2',
15 verbose parsed url   href: 'express@^4.10.2' }
16 verbose cache add [ 'express-session@^1.11.3', null ]
17 verbose cache add name=undefined spec="express-session@^1.11.3" args=["express-session@^1.11.3",null]
18 verbose parsed url { protocol: null,
18 verbose parsed url   slashes: null,
18 verbose parsed url   auth: null,
18 verbose parsed url   host: null,
18 verbose parsed url   port: null,
18 verbose parsed url   hostname: null,
18 verbose parsed url   hash: null,
18 verbose parsed url   search: null,
18 verbose parsed url   query: null,
18 verbose parsed url   pathname: 'express-session@^1.11.3',
18 verbose parsed url   path: 'express-session@^1.11.3',
18 verbose parsed url   href: 'express-session@^1.11.3' }
19 verbose cache add [ 'jade@^1.11.0', null ]
20 verbose cache add name=undefined spec="jade@^1.11.0" args=["jade@^1.11.0",null]
21 verbose parsed url { protocol: null,
21 verbose parsed url   slashes: null,
21 verbose parsed url   auth: null,
21 verbose parsed url   host: null,
21 verbose parsed url   port: null,
21 verbose parsed url   hostname: null,
21 verbose parsed url   hash: null,
21 verbose parsed url   search: null,
21 verbose parsed url   query: null,
21 verbose parsed url   pathname: 'jade@^1.11.0',
21 verbose parsed url   path: 'jade@^1.11.0',
21 verbose parsed url   href: 'jade@^1.11.0' }
22 verbose cache add [ 'mongoose@^4.2.4', null ]
23 verbose cache add name=undefined spec="mongoose@^4.2.4" args=["mongoose@^4.2.4",null]
24 verbose parsed url { protocol: null,
24 verbose parsed url   slashes: null,
24 verbose parsed url   auth: null,
24 verbose parsed url   host: null,
24 verbose parsed url   port: null,
24 verbose parsed url   hostname: null,
24 verbose parsed url   hash: null,
24 verbose parsed url   search: null,
24 verbose parsed url   query: null,
24 verbose parsed url   pathname: 'mongoose@^4.2.4',
24 verbose parsed url   path: 'mongoose@^4.2.4',
24 verbose parsed url   href: 'mongoose@^4.2.4' }
25 verbose cache add name="ejs" spec="^2.3.4" args=["ejs","^2.3.4"]
26 verbose parsed url { protocol: null,
26 verbose parsed url   slashes: null,
26 verbose parsed url   auth: null,
26 verbose parsed url   host: null,
26 verbose parsed url   port: null,
26 verbose parsed url   hostname: null,
26 verbose parsed url   hash: null,
26 verbose parsed url   search: null,
26 verbose parsed url   query: null,
26 verbose parsed url   pathname: '^2.3.4',
26 verbose parsed url   path: '^2.3.4',
26 verbose parsed url   href: '^2.3.4' }
27 verbose addNamed [ 'ejs', '^2.3.4' ]
28 verbose addNamed [ null, '>=2.3.4-0 <3.0.0-0' ]
29 verbose cache add name="express" spec="^4.10.2" args=["express","^4.10.2"]
30 verbose parsed url { protocol: null,
30 verbose parsed url   slashes: null,
30 verbose parsed url   auth: null,
30 verbose parsed url   host: null,
30 verbose parsed url   port: null,
30 verbose parsed url   hostname: null,
30 verbose parsed url   hash: null,
30 verbose parsed url   search: null,
30 verbose parsed url   query: null,
30 verbose parsed url   pathname: '^4.10.2',
30 verbose parsed url   path: '^4.10.2',
30 verbose parsed url   href: '^4.10.2' }
31 verbose addNamed [ 'express', '^4.10.2' ]
32 verbose addNamed [ null, '>=4.10.2-0 <5.0.0-0' ]
33 verbose cache add name="express-session" spec="^1.11.3" args=["express-session","^1.11.3"]
34 verbose parsed url { protocol: null,
34 verbose parsed url   slashes: null,
34 verbose parsed url   auth: null,
34 verbose parsed url   host: null,
34 verbose parsed url   port: null,
34 verbose parsed url   hostname: null,
34 verbose parsed url   hash: null,
34 verbose parsed url   search: null,
34 verbose parsed url   query: null,
34 verbose parsed url   pathname: '^1.11.3',
34 verbose parsed url   path: '^1.11.3',
34 verbose parsed url   href: '^1.11.3' }
35 verbose addNamed [ 'express-session', '^1.11.3' ]
36 verbose addNamed [ null, '>=1.11.3-0 <2.0.0-0' ]
37 verbose cache add name="jade" spec="^1.11.0" args=["jade","^1.11.0"]
38 verbose parsed url { protocol: null,
38 verbose parsed url   slashes: null,
38 verbose parsed url   auth: null,
38 verbose parsed url   host: null,
38 verbose parsed url   port: null,
38 verbose parsed url   hostname: null,
38 verbose parsed url   hash: null,
38 verbose parsed url   search: null,
38 verbose parsed url   query: null,
38 verbose parsed url   pathname: '^1.11.0',
38 verbose parsed url   path: '^1.11.0',
38 verbose parsed url   href: '^1.11.0' }
39 verbose addNamed [ 'jade', '^1.11.0' ]
40 verbose addNamed [ null, '>=1.11.0-0 <2.0.0-0' ]
41 verbose cache add [ 'rangeslider.js@^2.0.2', null ]
42 verbose cache add name=undefined spec="rangeslider.js@^2.0.2" args=["rangeslider.js@^2.0.2",null]
43 verbose parsed url { protocol: null,
43 verbose parsed url   slashes: null,
43 verbose parsed url   auth: null,
43 verbose parsed url   host: null,
43 verbose parsed url   port: null,
43 verbose parsed url   hostname: null,
43 verbose parsed url   hash: null,
43 verbose parsed url   search: null,
43 verbose parsed url   query: null,
43 verbose parsed url   pathname: 'rangeslider.js@^2.0.2',
43 verbose parsed url   path: 'rangeslider.js@^2.0.2',
43 verbose parsed url   href: 'rangeslider.js@^2.0.2' }
44 verbose cache add [ 'socket.io@^1.3.7', null ]
45 verbose cache add name=undefined spec="socket.io@^1.3.7" args=["socket.io@^1.3.7",null]
46 verbose parsed url { protocol: null,
46 verbose parsed url   slashes: null,
46 verbose parsed url   auth: null,
46 verbose parsed url   host: null,
46 verbose parsed url   port: null,
46 verbose parsed url   hostname: null,
46 verbose parsed url   hash: null,
46 verbose parsed url   search: null,
46 verbose parsed url   query: null,
46 verbose parsed url   pathname: 'socket.io@^1.3.7',
46 verbose parsed url   path: 'socket.io@^1.3.7',
46 verbose parsed url   href: 'socket.io@^1.3.7' }
47 verbose cache add name="mongoose" spec="^4.2.4" args=["mongoose","^4.2.4"]
48 verbose parsed url { protocol: null,
48 verbose parsed url   slashes: null,
48 verbose parsed url   auth: null,
48 verbose parsed url   host: null,
48 verbose parsed url   port: null,
48 verbose parsed url   hostname: null,
48 verbose parsed url   hash: null,
48 verbose parsed url   search: null,
48 verbose parsed url   query: null,
48 verbose parsed url   pathname: '^4.2.4',
48 verbose parsed url   path: '^4.2.4',
48 verbose parsed url   href: '^4.2.4' }
49 verbose addNamed [ 'mongoose', '^4.2.4' ]
50 verbose addNamed [ null, '>=4.2.4-0 <5.0.0-0' ]
51 silly lockFile 3bc190c9-ejs-2-3-4 ejs@^2.3.4
52 verbose lock ejs@^2.3.4 /home/gabranches/.npm/3bc190c9-ejs-2-3-4.lock
53 silly lockFile 77b2ac86-express-4-10-2 express@^4.10.2
54 verbose lock express@^4.10.2 /home/gabranches/.npm/77b2ac86-express-4-10-2.lock
55 silly lockFile 0a7d5dad-express-session-1-11-3 express-session@^1.11.3
56 verbose lock express-session@^1.11.3 /home/gabranches/.npm/0a7d5dad-express-session-1-11-3.lock
57 silly lockFile 6113fc24-jade-1-11-0 jade@^1.11.0
58 verbose lock jade@^1.11.0 /home/gabranches/.npm/6113fc24-jade-1-11-0.lock
59 silly lockFile 05a9f8c4-mongoose-4-2-4 mongoose@^4.2.4
60 verbose lock mongoose@^4.2.4 /home/gabranches/.npm/05a9f8c4-mongoose-4-2-4.lock
61 verbose cache add name="rangeslider.js" spec="^2.0.2" args=["rangeslider.js","^2.0.2"]
62 verbose parsed url { protocol: null,
62 verbose parsed url   slashes: null,
62 verbose parsed url   auth: null,
62 verbose parsed url   host: null,
62 verbose parsed url   port: null,
62 verbose parsed url   hostname: null,
62 verbose parsed url   hash: null,
62 verbose parsed url   search: null,
62 verbose parsed url   query: null,
62 verbose parsed url   pathname: '^2.0.2',
62 verbose parsed url   path: '^2.0.2',
62 verbose parsed url   href: '^2.0.2' }
63 verbose addNamed [ 'rangeslider.js', '^2.0.2' ]
64 verbose addNamed [ null, '>=2.0.2-0 <3.0.0-0' ]
65 silly lockFile b5c11d8c-rangeslider-js-2-0-2 rangeslider.js@^2.0.2
66 verbose lock rangeslider.js@^2.0.2 /home/gabranches/.npm/b5c11d8c-rangeslider-js-2-0-2.lock
67 verbose cache add name="socket.io" spec="^1.3.7" args=["socket.io","^1.3.7"]
68 verbose parsed url { protocol: null,
68 verbose parsed url   slashes: null,
68 verbose parsed url   auth: null,
68 verbose parsed url   host: null,
68 verbose parsed url   port: null,
68 verbose parsed url   hostname: null,
68 verbose parsed url   hash: null,
68 verbose parsed url   search: null,
68 verbose parsed url   query: null,
68 verbose parsed url   pathname: '^1.3.7',
68 verbose parsed url   path: '^1.3.7',
68 verbose parsed url   href: '^1.3.7' }
69 verbose addNamed [ 'socket.io', '^1.3.7' ]
70 verbose addNamed [ null, '>=1.3.7-0 <2.0.0-0' ]
71 silly lockFile e4778f57-socket-io-1-3-7 socket.io@^1.3.7
72 verbose lock socket.io@^1.3.7 /home/gabranches/.npm/e4778f57-socket-io-1-3-7.lock
73 silly addNameRange { name: 'ejs', range: '>=2.3.4-0 <3.0.0-0', hasData: false }
74 silly addNameRange { name: 'express', range: '>=4.10.2-0 <5.0.0-0', hasData: false }
75 silly addNameRange { name: 'express-session',
75 silly addNameRange   range: '>=1.11.3-0 <2.0.0-0',
75 silly addNameRange   hasData: false }
76 silly addNameRange { name: 'jade', range: '>=1.11.0-0 <2.0.0-0', hasData: false }
77 silly addNameRange { name: 'mongoose', range: '>=4.2.4-0 <5.0.0-0', hasData: false }
78 silly addNameRange { name: 'rangeslider.js',
78 silly addNameRange   range: '>=2.0.2-0 <3.0.0-0',
78 silly addNameRange   hasData: false }
79 silly addNameRange { name: 'socket.io',
79 silly addNameRange   range: '>=1.3.7-0 <2.0.0-0',
79 silly addNameRange   hasData: false }
80 verbose request where is /express
81 verbose request registry https://registry.npmjs.org/
82 verbose request id c5e0d4faa4930fc0
83 verbose url raw /express
84 verbose url resolving [ 'https://registry.npmjs.org/', './express' ]
85 verbose url resolved https://registry.npmjs.org/express
86 verbose request where is https://registry.npmjs.org/express
87 info trying registry request attempt 1 at 18:39:01
88 verbose etag "123YDM8SWJAQYD5133EI822EF"
89 http GET https://registry.npmjs.org/express
90 verbose request where is /express-session
91 verbose request registry https://registry.npmjs.org/
92 verbose url raw /express-session
93 verbose url resolving [ 'https://registry.npmjs.org/', './express-session' ]
94 verbose url resolved https://registry.npmjs.org/express-session
95 verbose request where is https://registry.npmjs.org/express-session
96 info trying registry request attempt 1 at 18:39:01
97 verbose etag "7QYJ36YG7O6TYCEYWOATHYCLY"
98 http GET https://registry.npmjs.org/express-session
99 verbose request where is /jade
100 verbose request registry https://registry.npmjs.org/
101 verbose url raw /jade
102 verbose url resolving [ 'https://registry.npmjs.org/', './jade' ]
103 verbose url resolved https://registry.npmjs.org/jade
104 verbose request where is https://registry.npmjs.org/jade
105 info trying registry request attempt 1 at 18:39:01
106 verbose etag "EPOTBQXW3BQKYR3NUDTECKNSS"
107 http GET https://registry.npmjs.org/jade
108 verbose request where is /mongoose
109 verbose request registry https://registry.npmjs.org/
110 verbose url raw /mongoose
111 verbose url resolving [ 'https://registry.npmjs.org/', './mongoose' ]
112 verbose url resolved https://registry.npmjs.org/mongoose
113 verbose request where is https://registry.npmjs.org/mongoose
114 info trying registry request attempt 1 at 18:39:01
115 verbose etag "7LRZQ5KX7IEMVX5JYF4T5GXI8"
116 http GET https://registry.npmjs.org/mongoose
117 verbose request where is /ejs
118 verbose request registry https://registry.npmjs.org/
119 verbose url raw /ejs
120 verbose url resolving [ 'https://registry.npmjs.org/', './ejs' ]
121 verbose url resolved https://registry.npmjs.org/ejs
122 verbose request where is https://registry.npmjs.org/ejs
123 info trying registry request attempt 1 at 18:39:01
124 verbose etag "DTDH5CLNY0NPHXDZ72601SXBI"
125 http GET https://registry.npmjs.org/ejs
126 verbose request where is /rangeslider.js
127 verbose request registry https://registry.npmjs.org/
128 verbose url raw /rangeslider.js
129 verbose url resolving [ 'https://registry.npmjs.org/', './rangeslider.js' ]
130 verbose url resolved https://registry.npmjs.org/rangeslider.js
131 verbose request where is https://registry.npmjs.org/rangeslider.js
132 info trying registry request attempt 1 at 18:39:01
133 verbose etag "F0GPCFQGMM7KIUYU7B2ZN6WWT"
134 http GET https://registry.npmjs.org/rangeslider.js
135 verbose request where is /socket.io
136 verbose request registry https://registry.npmjs.org/
137 verbose url raw /socket.io
138 verbose url resolving [ 'https://registry.npmjs.org/', './socket.io' ]
139 verbose url resolved https://registry.npmjs.org/socket.io
140 verbose request where is https://registry.npmjs.org/socket.io
141 info trying registry request attempt 1 at 18:39:01
142 verbose etag "7VADKSPW2OE715WHJ4A4LQ0D3"
143 http GET https://registry.npmjs.org/socket.io
144 http 304 https://registry.npmjs.org/jade
145 silly registry.get cb [ 304,
145 silly registry.get   { date: 'Mon, 01 Feb 2016 23:39:01 GMT',
145 silly registry.get     via: '1.1 varnish',
145 silly registry.get     'cache-control': 'max-age=300',
145 silly registry.get     etag: '"EPOTBQXW3BQKYR3NUDTECKNSS"',
145 silly registry.get     age: '111',
145 silly registry.get     connection: 'keep-alive',
145 silly registry.get     'x-served-by': 'cache-atl6227-ATL',
145 silly registry.get     'x-cache': 'HIT',
145 silly registry.get     'x-cache-hits': '7',
145 silly registry.get     'x-timer': 'S1454369941.596607,VS0,VE0',
145 silly registry.get     vary: 'Accept' } ]
146 verbose etag https://registry.npmjs.org/jade from cache
147 http 304 https://registry.npmjs.org/express-session
148 silly registry.get cb [ 304,
148 silly registry.get   { date: 'Mon, 01 Feb 2016 23:39:01 GMT',
148 silly registry.get     via: '1.1 varnish',
148 silly registry.get     'cache-control': 'max-age=300',
148 silly registry.get     etag: '"7QYJ36YG7O6TYCEYWOATHYCLY"',
148 silly registry.get     age: '292',
148 silly registry.get     connection: 'keep-alive',
148 silly registry.get     'x-served-by': 'cache-atl6233-ATL',
148 silly registry.get     'x-cache': 'HIT',
148 silly registry.get     'x-cache-hits': '5',
148 silly registry.get     'x-timer': 'S1454369941.598515,VS0,VE0',
148 silly registry.get     vary: 'Accept' } ]
149 verbose etag https://registry.npmjs.org/express-session from cache
150 http 304 https://registry.npmjs.org/mongoose
151 silly registry.get cb [ 304,
151 silly registry.get   { date: 'Mon, 01 Feb 2016 23:39:01 GMT',
151 silly registry.get     via: '1.1 varnish',
151 silly registry.get     'cache-control': 'max-age=300',
151 silly registry.get     etag: '"7LRZQ5KX7IEMVX5JYF4T5GXI8"',
151 silly registry.get     age: '8',
151 silly registry.get     connection: 'keep-alive',
151 silly registry.get     'x-served-by': 'cache-atl6225-ATL',
151 silly registry.get     'x-cache': 'HIT',
151 silly registry.get     'x-cache-hits': '164',
151 silly registry.get     'x-timer': 'S1454369941.599347,VS0,VE0',
151 silly registry.get     vary: 'Accept' } ]
152 verbose etag https://registry.npmjs.org/mongoose from cache
153 silly addNameRange number 2 { name: 'jade', range: '>=1.11.0-0 <2.0.0-0', hasData: true }
154 silly addNameRange versions [ 'jade',
154 silly addNameRange   [ '0.0.1',
154 silly addNameRange     '0.0.2',
154 silly addNameRange     '0.1.0',
154 silly addNameRange     '0.2.0',
154 silly addNameRange     '0.2.1',
154 silly addNameRange     '0.2.2',
154 silly addNameRange     '0.2.3',
154 silly addNameRange     '0.2.4',
154 silly addNameRange     '0.3.0',
154 silly addNameRange     '0.4.0',
154 silly addNameRange     '0.4.1',
154 silly addNameRange     '0.5.0',
154 silly addNameRange     '0.5.1',
154 silly addNameRange     '0.5.2',
154 silly addNameRange     '0.5.3',
154 silly addNameRange     '0.5.4',
154 silly addNameRange     '0.5.5',
154 silly addNameRange     '0.5.6',
154 silly addNameRange     '0.5.7',
154 silly addNameRange     '0.6.0',
154 silly addNameRange     '0.6.1',
154 silly addNameRange     '0.6.3',
154 silly addNameRange     '0.7.0',
154 silly addNameRange     '0.7.1',
154 silly addNameRange     '0.8.0',
154 silly addNameRange     '0.8.1',
154 silly addNameRange     '0.8.2',
154 silly addNameRange     '0.8.3',
154 silly addNameRange     '0.8.4',
154 silly addNameRange     '0.8.5',
154 silly addNameRange     '0.8.6',
154 silly addNameRange     '0.8.7',
154 silly addNameRange     '0.8.8',
154 silly addNameRange     '0.8.9',
154 silly addNameRange     '0.9.0',
154 silly addNameRange     '0.9.1',
154 silly addNameRange     '0.9.2',
154 silly addNameRange     '0.9.3',
154 silly addNameRange     '0.10.0',
154 silly addNameRange     '0.10.1',
154 silly addNameRange     '0.10.2',
154 silly addNameRange     '0.10.3',
154 silly addNameRange     '0.10.4',
154 silly addNameRange     '0.10.5',
154 silly addNameRange     '0.10.6',
154 silly addNameRange     '0.10.7',
154 silly addNameRange     '0.11.0',
154 silly addNameRange     '0.11.1',
154 silly addNameRange     '0.12.0',
154 silly addNameRange     '0.12.1',
154 silly addNameRange     '0.12.2',
154 silly addNameRange     '0.12.3',
154 silly addNameRange     '0.12.4',
154 silly addNameRange     '0.13.0',
154 silly addNameRange     '0.14.0',
154 silly addNameRange     '0.14.1',
154 silly addNameRange     '0.14.2',
154 silly addNameRange     '0.15.0',
154 silly addNameRange     '0.15.1',
154 silly addNameRange     '0.15.2',
154 silly addNameRange     '0.15.3',
154 silly addNameRange     '0.15.4',
154 silly addNameRange     '0.16.0',
154 silly addNameRange     '0.16.1',
154 silly addNameRange     '0.16.2',
154 silly addNameRange     '0.16.3',
154 silly addNameRange     '0.16.4',
154 silly addNameRange     '0.17.0',
154 silly addNameRange     '0.18.0',
154 silly addNameRange     '0.19.0',
154 silly addNameRange     '0.20.0',
154 silly addNameRange     '0.20.1',
154 silly addNameRange     '0.20.2',
154 silly addNameRange     '0.20.3',
154 silly addNameRange     '0.21.0',
154 silly addNameRange     '0.22.0',
154 silly addNameRange     '0.22.1',
154 silly addNameRange     '0.23.0',
154 silly addNameRange     '0.24.0',
154 silly addNameRange     '0.25.0',
154 silly addNameRange     '0.26.0',
154 silly addNameRange     '0.26.1',
154 silly addNameRange     '0.26.2',
154 silly addNameRange     '0.26.3',
154 silly addNameRange     '0.27.0',
154 silly addNameRange     '0.27.1',
154 silly addNameRange     '0.27.2',
154 silly addNameRange     '0.27.3',
154 silly addNameRange     '0.27.4',
154 silly addNameRange     '0.27.5',
154 silly addNameRange     '0.27.6',
154 silly addNameRange     '0.27.7',
154 silly addNameRange     '0.28.0',
154 silly addNameRange     '0.28.1',
154 silly addNameRange     '0.28.2',
154 silly addNameRange     '0.29.0',
154 silly addNameRange     '0.30.0',
154 silly addNameRange     '0.31.0',
154 silly addNameRange     '0.31.1',
154 silly addNameRange     '0.31.2',
154 silly addNameRange     '0.32.0',
154 silly addNameRange     '0.33.0',
154 silly addNameRange     '0.34.0',
154 silly addNameRange     '0.34.1',
154 silly addNameRange     '0.35.0',
154 silly addNameRange     '1.0.0',
154 silly addNameRange     '1.0.1',
154 silly addNameRange     '1.0.2',
154 silly addNameRange     '1.1.0',
154 silly addNameRange     '1.1.1',
154 silly addNameRange     '1.1.2',
154 silly addNameRange     '1.1.3',
154 silly addNameRange     '1.1.4',
154 silly addNameRange     '1.1.5',
154 silly addNameRange     '1.2.0',
154 silly addNameRange     '1.3.0',
154 silly addNameRange     '1.3.1',
154 silly addNameRange     '1.4.0',
154 silly addNameRange     '1.4.1',
154 silly addNameRange     '1.4.2',
154 silly addNameRange     '1.5.0',
154 silly addNameRange     '1.6.0',
154 silly addNameRange     '1.7.0',
154 silly addNameRange     '1.8.0',
154 silly addNameRange     '1.8.1',
154 silly addNameRange     '1.8.2',
154 silly addNameRange     '1.9.0',
154 silly addNameRange     '1.9.1',
154 silly addNameRange     '1.9.2',
154 silly addNameRange     '1.10.0',
154 silly addNameRange     '1.11.0' ] ]
155 verbose addNamed [ 'jade', '1.11.0' ]
156 verbose addNamed [ '1.11.0', '1.11.0' ]
157 silly lockFile 3da033ff-jade-1-11-0 jade@1.11.0
158 verbose lock jade@1.11.0 /home/gabranches/.npm/3da033ff-jade-1-11-0.lock
159 silly addNameRange number 2 { name: 'express-session',
159 silly addNameRange   range: '>=1.11.3-0 <2.0.0-0',
159 silly addNameRange   hasData: true }
160 silly addNameRange versions [ 'express-session',
160 silly addNameRange   [ '1.0.0',
160 silly addNameRange     '1.0.1',
160 silly addNameRange     '1.0.2',
160 silly addNameRange     '1.0.3',
160 silly addNameRange     '1.0.4',
160 silly addNameRange     '1.1.0',
160 silly addNameRange     '1.2.0',
160 silly addNameRange     '1.2.1',
160 silly addNameRange     '1.3.0',
160 silly addNameRange     '1.3.1',
160 silly addNameRange     '1.4.0',
160 silly addNameRange     '1.5.0',
160 silly addNameRange     '1.5.1',
160 silly addNameRange     '1.5.2',
160 silly addNameRange     '1.6.0',
160 silly addNameRange     '1.6.1',
160 silly addNameRange     '1.6.2',
160 silly addNameRange     '1.6.3',
160 silly addNameRange     '1.6.4',
160 silly addNameRange     '1.6.5',
160 silly addNameRange     '1.7.0',
160 silly addNameRange     '1.7.1',
160 silly addNameRange     '1.7.2',
160 silly addNameRange     '1.7.3',
160 silly addNameRange     '1.7.4',
160 silly addNameRange     '1.7.5',
160 silly addNameRange     '1.7.6',
160 silly addNameRange     '1.8.0',
160 silly addNameRange     '1.8.1',
160 silly addNameRange     '1.8.2',
160 silly addNameRange     '1.9.0',
160 silly addNameRange     '1.9.1',
160 silly addNameRange     '1.9.2',
160 silly addNameRange     '1.9.3',
160 silly addNameRange     '1.10.0',
160 silly addNameRange     '1.10.1',
160 silly addNameRange     '1.10.2',
160 silly addNameRange     '1.10.3',
160 silly addNameRange     '1.10.4',
160 silly addNameRange     '1.11.0',
160 silly addNameRange     '1.11.1',
160 silly addNameRange     '1.11.2',
160 silly addNameRange     '1.11.3',
160 silly addNameRange     '1.12.0',
160 silly addNameRange     '1.12.1',
160 silly addNameRange     '1.13.0' ] ]
161 verbose addNamed [ 'express-session', '1.13.0' ]
162 verbose addNamed [ '1.13.0', '1.13.0' ]
163 silly lockFile d66c06c6-express-session-1-13-0 express-session@1.13.0
164 verbose lock express-session@1.13.0 /home/gabranches/.npm/d66c06c6-express-session-1-13-0.lock
165 silly addNameRange number 2 { name: 'mongoose', range: '>=4.2.4-0 <5.0.0-0', hasData: true }
166 silly addNameRange versions [ 'mongoose',
166 silly addNameRange   [ '0.0.1',
166 silly addNameRange     '0.0.2',
166 silly addNameRange     '0.0.3',
166 silly addNameRange     '0.0.4',
166 silly addNameRange     '0.0.5',
166 silly addNameRange     '1.0.0',
166 silly addNameRange     '1.0.1',
166 silly addNameRange     '1.0.2',
166 silly addNameRange     '0.0.6',
166 silly addNameRange     '1.0.3',
166 silly addNameRange     '1.0.4',
166 silly addNameRange     '1.0.5',
166 silly addNameRange     '1.0.6',
166 silly addNameRange     '1.0.7',
166 silly addNameRange     '1.0.8',
166 silly addNameRange     '1.0.10',
166 silly addNameRange     '1.0.11',
166 silly addNameRange     '1.0.12',
166 silly addNameRange     '1.0.13',
166 silly addNameRange     '1.0.14',
166 silly addNameRange     '1.0.15',
166 silly addNameRange     '1.0.16',
166 silly addNameRange     '1.1.0',
166 silly addNameRange     '1.1.1',
166 silly addNameRange     '1.1.2',
166 silly addNameRange     '1.1.3',
166 silly addNameRange     '1.1.4',
166 silly addNameRange     '1.1.5',
166 silly addNameRange     '1.1.6',
166 silly addNameRange     '1.1.7',
166 silly addNameRange     '1.1.8',
166 silly addNameRange     '1.1.9',
166 silly addNameRange     '1.1.10',
166 silly addNameRange     '1.1.11',
166 silly addNameRange     '1.1.12',
166 silly addNameRange     '1.1.13',
166 silly addNameRange     '1.1.14',
166 silly addNameRange     '1.1.15',
166 silly addNameRange     '1.1.16',
166 silly addNameRange     '1.1.17',
166 silly addNameRange     '1.1.18',
166 silly addNameRange     '1.1.19',
166 silly addNameRange     '1.1.20',
166 silly addNameRange     '1.1.21',
166 silly addNameRange     '1.1.22',
166 silly addNameRange     '1.1.23',
166 silly addNameRange     '1.1.24',
166 silly addNameRange     '1.1.25',
166 silly addNameRange     '1.2.0',
166 silly addNameRange     '1.3.0',
166 silly addNameRange     '1.3.1',
166 silly addNameRange     '1.3.2',
166 silly addNameRange     '1.3.3',
166 silly addNameRange     '1.3.4',
166 silly addNameRange     '1.3.5',
166 silly addNameRange     '1.3.6',
166 silly addNameRange     '1.3.7',
166 silly addNameRange     '1.4.0',
166 silly addNameRange     '1.5.0',
166 silly addNameRange     '1.6.0',
166 silly addNameRange     '1.7.2',
166 silly addNameRange     '1.7.3',
166 silly addNameRange     '1.7.4',
166 silly addNameRange     '1.8.0',
166 silly addNameRange     '1.8.1',
166 silly addNameRange     '1.8.2',
166 silly addNameRange     '1.8.3',
166 silly addNameRange     '1.8.4',
166 silly addNameRange     '2.0.0',
166 silly addNameRange     '2.0.1',
166 silly addNameRange     '2.0.2',
166 silly addNameRange     '2.0.3',
166 silly addNameRange     '2.0.4',
166 silly addNameRange     '2.1.0',
166 silly addNameRange     '2.1.1',
166 silly addNameRange     '2.1.2',
166 silly addNameRange     '2.1.3',
166 silly addNameRange     '2.1.4',
166 silly addNameRange     '2.2.0',
166 silly addNameRange     '2.2.1',
166 silly addNameRange     '2.2.2',
166 silly addNameRange     '2.2.3',
166 silly addNameRange     '2.2.4',
166 silly addNameRange     '2.3.0',
166 silly addNameRange     '2.3.1',
166 silly addNameRange     '2.3.2',
166 silly addNameRange     '2.3.3',
166 silly addNameRange     '2.3.4',
166 silly addNameRange     '2.3.5',
166 silly addNameRange     '2.3.6',
166 silly addNameRange     '2.3.7',
166 silly addNameRange     '2.3.8',
166 silly addNameRange     '2.3.9',
166 silly addNameRange     '2.3.10',
166 silly addNameRange     '2.3.11',
166 silly addNameRange     '2.3.12',
166 silly addNameRange     '2.3.13',
166 silly addNameRange     '2.4.0',
166 silly addNameRange     '2.4.1',
166 silly addNameRange     '2.4.2',
166 silly addNameRange     '2.4.3',
166 silly addNameRange     '2.4.4',
166 silly addNameRange     '2.4.5',
166 silly addNameRange     '2.4.6',
166 silly addNameRange     '2.4.7',
166 silly addNameRange     '2.4.8',
166 silly addNameRange     '2.4.9',
166 silly addNameRange     '2.4.10',
166 silly addNameRange     '2.5.0',
166 silly addNameRange     '2.5.1',
166 silly addNameRange     '2.5.2',
166 silly addNameRange     '2.5.3',
166 silly addNameRange     '2.5.4',
166 silly addNameRange     '2.5.5',
166 silly addNameRange     '2.5.6',
166 silly addNameRange     '2.5.7',
166 silly addNameRange     '2.5.8',
166 silly addNameRange     '2.5.9',
166 silly addNameRange     '2.5.10',
166 silly addNameRange     '2.5.11',
166 silly addNameRange     '2.5.12',
166 silly addNameRange     '2.5.13',
166 silly addNameRange     '2.5.14',
166 silly addNameRange     '2.6.0',
166 silly addNameRange     '2.6.1',
166 silly addNameRange     '2.6.2',
166 silly addNameRange     '2.6.3',
166 silly addNameRange     '2.6.4',
166 silly addNameRange     '2.6.5',
166 silly addNameRange     '2.6.6',
166 silly addNameRange     '2.6.7',
166 silly addNameRange     '2.6.8',
166 silly addNameRange     '2.7.0',
166 silly addNameRange     '2.7.1',
166 silly addNameRange     '2.7.2',
166 silly addNameRange     '2.7.4',
166 silly addNameRange     '2.7.3',
166 silly addNameRange     '3.0.0',
166 silly addNameRange     '3.0.1',
166 silly addNameRange     '3.0.2',
166 silly addNameRange     '2.8.0',
166 silly addNameRange     '3.0.3',
166 silly addNameRange     '3.1.0',
166 silly addNameRange     '2.8.1',
166 silly addNameRange     '3.1.1',
166 silly addNameRange     '2.8.2',
166 silly addNameRange     '2.8.3',
166 silly addNameRange     '2.9.0',
166 silly addNameRange     '3.2.0',
166 silly addNameRange     '2.9.1',
166 silly addNameRange     '3.2.1',
166 silly addNameRange     '2.9.2',
166 silly addNameRange     '3.2.2',
166 silly addNameRange     '3.3.0',
166 silly addNameRange     '3.3.1',
166 silly addNameRange     '2.9.3',
166 silly addNameRange     '3.4.0',
166 silly addNameRange     '2.9.4',
166 silly addNameRange     '2.9.5',
166 silly addNameRange     '3.5.0',
166 silly addNameRange     '3.5.1',
166 silly addNameRange     '3.5.2',
166 silly addNameRange     '3.5.3',
166 silly addNameRange     '2.9.6',
166 silly addNameRange     '2.9.7',
166 silly addNameRange     '3.5.4',
166 silly addNameRange     '3.5.5',
166 silly addNameRange     '2.9.8',
166 silly addNameRange     '2.9.9',
166 silly addNameRange     '3.5.6',
166 silly addNameRange     '3.5.7',
166 silly addNameRange     '3.5.8',
166 silly addNameRange     '2.9.10',
166 silly addNameRange     '3.5.9',
166 silly addNameRange     '3.6.2',
166 silly addNameRange     '3.5.10',
166 silly addNameRange     '3.6.3',
166 silly addNameRange     '3.5.11',
166 silly addNameRange     '3.6.4',
166 silly addNameRange     '3.6.5',
166 silly addNameRange     '3.6.6',
166 silly addNameRange     '3.6.7',
166 silly addNameRange     '3.5.12',
166 silly addNameRange     '3.6.8',
166 silly addNameRange     '3.6.9',
166 silly addNameRange     '3.6.10',
166 silly addNameRange     '3.5.13',
166 silly addNameRange     '3.5.14',
166 silly addNameRange     '3.6.11',
166 silly addNameRange     '3.6.12',
166 silly addNameRange     '3.6.13',
166 silly addNameRange     '3.6.14',
166 silly addNameRange     '3.6.15',
166 silly addNameRange     '3.5.15',
166 silly addNameRange     '3.7.0',
166 silly addNameRange     '3.6.16',
166 silly addNameRange     '3.5.16',
166 silly addNameRange     '3.6.17',
166 silly addNameRange     '3.7.2',
166 silly addNameRange     '3.0.0-alpha1',
166 silly addNameRange     '3.0.0-alpha2',
166 silly addNameRange     '3.0.0-rc0',
166 silly addNameRange     '3.6.0-rc0',
166 silly addNameRange     '3.6.0-rc1',
166 silly addNameRange     '3.6.18',
166 silly addNameRange     '3.7.3',
166 silly addNameRange     '3.6.19',
166 silly addNameRange     '3.6.20',
166 silly addNameRange     '3.7.4',
166 silly addNameRange     '3.8.0',
166 silly addNameRange     '3.8.1',
166 silly addNameRange     '3.8.2',
166 silly addNameRange     '3.8.3',
166 silly addNameRange     '3.8.4',
166 silly addNameRange     '3.8.5',
166 silly addNameRange     '3.8.6',
166 silly addNameRange     '3.8.7',
166 silly addNameRange     '3.8.8',
166 silly addNameRange     '3.8.9',
166 silly addNameRange     '3.8.10',
166 silly addNameRange     '3.8.11',
166 silly addNameRange     '3.9.0',
166 silly addNameRange     '3.8.12',
166 silly addNameRange     '3.8.13',
166 silly addNameRange     '3.8.14',
166 silly addNameRange     '3.8.15',
166 silly addNameRange     '3.9.1',
166 silly addNameRange     '3.8.16',
166 silly addNameRange     '3.9.2',
166 silly addNameRange     '3.8.17',
166 silly addNameRange     '3.9.3',
166 silly addNameRange     '3.8.18',
166 silly addNameRange     '3.9.4',
166 silly addNameRange     '3.8.19',
166 silly addNameRange     '3.9.5',
166 silly addNameRange     '3.8.20',
166 silly addNameRange     '3.9.6',
166 silly addNameRange     '3.8.21',
166 silly addNameRange     '3.9.7',
166 silly addNameRange     '3.8.22',
166 silly addNameRange     '4.0.0-rc0',
166 silly addNameRange     '4.0.0-rc1',
166 silly addNameRange     '3.8.23',
166 silly addNameRange     '4.0.0-rc2',
166 silly addNameRange     '3.8.24',
166 silly addNameRange     '4.0.0-rc3',
166 silly addNameRange     '3.8.25',
166 silly addNameRange     '4.0.0-rc4',
166 silly addNameRange     '4.0.0',
166 silly addNameRange     '4.0.1',
166 silly addNameRange     '3.8.26',
166 silly addNameRange     '3.8.27',
166 silly addNameRange     '4.0.2',
166 silly addNameRange     '3.8.28',
166 silly addNameRange     '4.0.3',
166 silly addNameRange     '3.8.29',
166 silly addNameRange     '4.0.4',
166 silly addNameRange     '3.8.30',
166 silly addNameRange     '4.0.5',
166 silly addNameRange     '3.8.31',
166 silly addNameRange     '4.0.6',
166 silly addNameRange     '3.8.33',
166 silly addNameRange     '4.0.7',
166 silly addNameRange     '3.8.34',
166 silly addNameRange     '4.0.8',
166 silly addNameRange     '4.1.0',
166 silly addNameRange     '4.1.1',
166 silly addNameRange     '4.1.2',
166 silly addNameRange     '3.8.35',
166 silly addNameRange     '4.1.3',
166 silly addNameRange     '4.1.5',
166 silly addNameRange     '4.1.6',
166 silly addNameRange     '4.1.7',
166 silly addNameRange     '4.1.8',
166 silly addNameRange     '4.1.9',
166 silly addNameRange     '4.1.10',
166 silly addNameRange     '4.1.11',
166 silly addNameRange     '3.8.36',
166 silly addNameRange     '4.1.12',
166 silly addNameRange     '4.2.0',
166 silly addNameRange     '4.2.1',
166 silly addNameRange     '4.2.2',
166 silly addNameRange     '4.2.3',
166 silly addNameRange     '4.2.4',
166 silly addNameRange     '4.2.5',
166 silly addNameRange     '3.8.37',
166 silly addNameRange     '4.2.6',
166 silly addNameRange     '4.2.7',
166 silly addNameRange     '4.2.8',
166 silly addNameRange     '4.2.9',
166 silly addNameRange     '4.2.10',
166 silly addNameRange     '4.3.0',
166 silly addNameRange     '4.3.1',
166 silly addNameRange     '4.3.2',
166 silly addNameRange     '4.3.3',
166 silly addNameRange     '4.3.4',
166 silly addNameRange     '3.8.38',
166 silly addNameRange     '4.3.5',
166 silly addNameRange     '4.3.6',
166 silly addNameRange     '3.8.39',
166 silly addNameRange     '4.3.7' ] ]
167 verbose addNamed [ 'mongoose', '4.3.7' ]
168 verbose addNamed [ '4.3.7', '4.3.7' ]
169 silly lockFile e37e40c0-mongoose-4-3-7 mongoose@4.3.7
170 verbose lock mongoose@4.3.7 /home/gabranches/.npm/e37e40c0-mongoose-4-3-7.lock
171 http 304 https://registry.npmjs.org/express
172 silly registry.get cb [ 304,
172 silly registry.get   { date: 'Mon, 01 Feb 2016 23:39:01 GMT',
172 silly registry.get     via: '1.1 varnish',
172 silly registry.get     'cache-control': 'max-age=300',
172 silly registry.get     etag: '"123YDM8SWJAQYD5133EI822EF"',
172 silly registry.get     age: '273',
172 silly registry.get     connection: 'keep-alive',
172 silly registry.get     'x-served-by': 'cache-atl6220-ATL',
172 silly registry.get     'x-cache': 'HIT',
172 silly registry.get     'x-cache-hits': '1',
172 silly registry.get     'x-timer': 'S1454369941.600511,VS0,VE32',
172 silly registry.get     vary: 'Accept' } ]
173 verbose etag https://registry.npmjs.org/express from cache
174 http 200 https://registry.npmjs.org/ejs
175 silly registry.get cb [ 200,
175 silly registry.get   { server: 'CouchDB/1.5.0 (Erlang OTP/R16B03)',
175 silly registry.get     etag: '"3QIDPORJRM3E9NG2M1E8YYLM5"',
175 silly registry.get     'content-type': 'application/json',
175 silly registry.get     'cache-control': 'max-age=300',
175 silly registry.get     'content-length': '52232',
175 silly registry.get     'accept-ranges': 'bytes',
175 silly registry.get     date: 'Mon, 01 Feb 2016 23:39:01 GMT',
175 silly registry.get     via: '1.1 varnish',
175 silly registry.get     age: '238',
175 silly registry.get     connection: 'keep-alive',
175 silly registry.get     'x-served-by': 'cache-atl6235-ATL',
175 silly registry.get     'x-cache': 'HIT',
175 silly registry.get     'x-cache-hits': '2',
175 silly registry.get     'x-timer': 'S1454369941.618771,VS0,VE0',
175 silly registry.get     vary: 'Accept' } ]
176 http 200 https://registry.npmjs.org/socket.io
177 silly registry.get cb [ 200,
177 silly registry.get   { server: 'CouchDB/1.5.0 (Erlang OTP/R16B03)',
177 silly registry.get     etag: '"18XIIVQC1JPFT6I4LPJV9D41E"',
177 silly registry.get     'content-type': 'application/json',
177 silly registry.get     'cache-control': 'max-age=300',
177 silly registry.get     'content-length': '127073',
177 silly registry.get     'accept-ranges': 'bytes',
177 silly registry.get     date: 'Mon, 01 Feb 2016 23:39:01 GMT',
177 silly registry.get     via: '1.1 varnish',
177 silly registry.get     age: '50',
177 silly registry.get     connection: 'keep-alive',
177 silly registry.get     'x-served-by': 'cache-atl6233-ATL',
177 silly registry.get     'x-cache': 'HIT',
177 silly registry.get     'x-cache-hits': '2',
177 silly registry.get     'x-timer': 'S1454369941.617865,VS0,VE0',
177 silly registry.get     vary: 'Accept' } ]
178 silly lockFile 3da033ff-jade-1-11-0 jade@1.11.0
179 silly lockFile 3da033ff-jade-1-11-0 jade@1.11.0
180 silly lockFile d66c06c6-express-session-1-13-0 express-session@1.13.0
181 silly lockFile d66c06c6-express-session-1-13-0 express-session@1.13.0
182 silly addNameRange number 2 { name: 'express', range: '>=4.10.2-0 <5.0.0-0', hasData: true }
183 silly addNameRange versions [ 'express',
183 silly addNameRange   [ '0.14.0',
183 silly addNameRange     '0.14.1',
183 silly addNameRange     '1.0.0',
183 silly addNameRange     '1.0.1',
183 silly addNameRange     '1.0.2',
183 silly addNameRange     '1.0.3',
183 silly addNameRange     '1.0.4',
183 silly addNameRange     '1.0.5',
183 silly addNameRange     '1.0.6',
183 silly addNameRange     '1.0.7',
183 silly addNameRange     '1.0.8',
183 silly addNameRange     '2.0.0',
183 silly addNameRange     '2.1.0',
183 silly addNameRange     '2.1.1',
183 silly addNameRange     '2.2.0',
183 silly addNameRange     '2.2.1',
183 silly addNameRange     '2.2.2',
183 silly addNameRange     '2.3.0',
183 silly addNameRange     '2.3.1',
183 silly addNameRange     '2.3.2',
183 silly addNameRange     '2.3.3',
183 silly addNameRange     '2.3.4',
183 silly addNameRange     '2.3.5',
183 silly addNameRange     '2.3.6',
183 silly addNameRange     '2.3.7',
183 silly addNameRange     '2.3.8',
183 silly addNameRange     '2.3.9',
183 silly addNameRange     '2.3.10',
183 silly addNameRange     '2.3.11',
183 silly addNameRange     '2.3.12',
183 silly addNameRange     '2.4.0',
183 silly addNameRange     '2.4.1',
183 silly addNameRange     '2.4.2',
183 silly addNameRange     '2.4.3',
183 silly addNameRange     '2.4.4',
183 silly addNameRange     '2.4.5',
183 silly addNameRange     '2.4.6',
183 silly addNameRange     '2.4.7',
183 silly addNameRange     '2.5.0',
183 silly addNameRange     '2.5.1',
183 silly addNameRange     '2.5.2',
183 silly addNameRange     '2.5.3',
183 silly addNameRange     '2.5.4',
183 silly addNameRange     '2.5.5',
183 silly addNameRange     '2.5.6',
183 silly addNameRange     '2.5.7',
183 silly addNameRange     '2.5.8',
183 silly addNameRange     '2.5.9',
183 silly addNameRange     '2.5.10',
183 silly addNameRange     '2.5.11',
183 silly addNameRange     '3.0.0',
183 silly addNameRange     '3.0.1',
183 silly addNameRange     '3.0.2',
183 silly addNameRange     '3.0.3',
183 silly addNameRange     '3.0.4',
183 silly addNameRange     '3.0.5',
183 silly addNameRange     '3.0.6',
183 silly addNameRange     '3.1.0',
183 silly addNameRange     '3.1.1',
183 silly addNameRange     '3.1.2',
183 silly addNameRange     '3.2.0',
183 silly addNameRange     '3.2.1',
183 silly addNameRange     '3.2.2',
183 silly addNameRange     '3.2.3',
183 silly addNameRange     '3.2.4',
183 silly addNameRange     '3.2.5',
183 silly addNameRange     '3.2.6',
183 silly addNameRange     '3.3.0',
183 silly addNameRange     '3.3.1',
183 silly addNameRange     '3.3.2',
183 silly addNameRange     '3.3.3',
183 silly addNameRange     '3.3.4',
183 silly addNameRange     '3.3.5',
183 silly addNameRange     '3.3.6',
183 silly addNameRange     '1.0.0-beta',
183 silly addNameRange     '1.0.0-beta2',
183 silly addNameRange     '1.0.0-rc',
183 silly addNameRange     '1.0.0-rc2',
183 silly addNameRange     '1.0.0-rc3',
183 silly addNameRange     '1.0.0-rc4',
183 silly addNameRange     '2.0.0-beta',
183 silly addNameRange     '2.0.0-beta2',
183 silly addNameRange     '2.0.0-beta3',
183 silly addNameRange     '2.0.0-rc',
183 silly addNameRange     '2.0.0-rc2',
183 silly addNameRange     '2.0.0-rc3',
183 silly addNameRange     '3.0.0-alpha1',
183 silly addNameRange     '3.0.0-alpha2',
183 silly addNameRange     '3.0.0-alpha3',
183 silly addNameRange     '3.0.0-alpha4',
183 silly addNameRange     '3.0.0-alpha5',
183 silly addNameRange     '3.0.0-beta1',
183 silly addNameRange     '3.0.0-beta2',
183 silly addNameRange     '3.0.0-beta3',
183 silly addNameRange     '3.0.0-beta4',
183 silly addNameRange     '3.0.0-beta6',
183 silly addNameRange     '3.0.0-beta7',
183 silly addNameRange     '3.0.0-rc1',
183 silly addNameRange     '3.0.0-rc2',
183 silly addNameRange     '3.0.0-rc3',
183 silly addNameRange     '3.0.0-rc4',
183 silly addNameRange     '3.0.0-rc5',
183 silly addNameRange     '3.3.7',
183 silly addNameRange     '3.3.8',
183 silly addNameRange     '3.4.0',
183 silly addNameRange     '3.4.1',
183 silly addNameRange     '3.4.2',
183 silly addNameRange     '3.4.3',
183 silly addNameRange     '3.4.4',
183 silly addNameRange     '3.4.5',
183 silly addNameRange     '3.4.6',
183 silly addNameRange     '3.4.7',
183 silly addNameRange     '3.4.8',
183 silly addNameRange     '4.0.0-rc1',
183 silly addNameRange     '4.0.0-rc2',
183 silly addNameRange     '3.5.0',
183 silly addNameRange     '4.0.0-rc3',
183 silly addNameRange     '4.0.0-rc4',
183 silly addNameRange     '3.5.1',
183 silly addNameRange     '4.0.0',
183 silly addNameRange     '3.5.2',
183 silly addNameRange     '4.1.0',
183 silly addNameRange     '4.1.1',
183 silly addNameRange     '3.5.3',
183 silly addNameRange     '4.1.2',
183 silly addNameRange     '3.6.0',
183 silly addNameRange     '4.2.0',
183 silly addNameRange     '3.7.0',
183 silly addNameRange     '3.8.0',
183 silly addNameRange     '4.3.0',
183 silly addNameRange     '4.3.1',
183 silly addNameRange     '3.8.1',
183 silly addNameRange     '4.3.2',
183 silly addNameRange     '3.9.0',
183 silly addNameRange     '4.4.0',
183 silly addNameRange     '4.4.1',
183 silly addNameRange     '3.10.0',
183 silly addNameRange     '3.10.1',
183 silly addNameRange     '3.10.2',
183 silly addNameRange     '3.10.3',
183 silly addNameRange     '3.10.4',
183 silly addNameRange     '4.4.2',
183 silly addNameRange     '3.10.5',
183 silly addNameRange     '4.4.3',
183 silly addNameRange     '3.11.0',
183 silly addNameRange     '4.4.4',
183 silly addNameRange     '3.12.0',
183 silly addNameRange     '3.12.1',
183 silly addNameRange     '4.4.5',
183 silly addNameRange     '3.13.0',
183 silly addNameRange     '4.5.0',
183 silly addNameRange     '4.5.1',
183 silly addNameRange     '3.14.0',
183 silly addNameRange     '4.6.0',
183 silly addNameRange     '4.6.1',
183 silly addNameRange     '3.15.0',
183 silly addNameRange     '4.7.0',
183 silly addNameRange     '3.15.1',
183 silly addNameRange     '4.7.1',
183 silly addNameRange     '3.15.2',
183 silly addNameRange     '4.7.2',
183 silly addNameRange     '4.7.3',
183 silly addNameRange     '3.15.3',
183 silly addNameRange     '4.7.4',
183 silly addNameRange     '3.16.0',
183 silly addNameRange     '4.8.0',
183 silly addNameRange     '3.16.1',
183 silly addNameRange     '4.8.1',
183 silly addNameRange     '3.16.2',
183 silly addNameRange     '4.8.2',
183 silly addNameRange     '3.16.3',
183 silly addNameRange     '3.16.4',
183 silly addNameRange     '4.8.3',
183 silly addNameRange     '3.16.5',
183 silly addNameRange     '3.16.6',
183 silly addNameRange     '4.8.4',
183 silly addNameRange     '3.16.7',
183 silly addNameRange     '4.8.5',
183 silly addNameRange     '3.16.8',
183 silly addNameRange     '4.8.6',
183 silly addNameRange     '3.16.9',
183 silly addNameRange     '4.8.7',
183 silly addNameRange     '3.16.10',
183 silly addNameRange     '4.8.8',
183 silly addNameRange     '3.17.0',
183 silly addNameRange     '3.17.1',
183 silly addNameRange     '4.9.0',
183 silly addNameRange     '3.17.2',
183 silly addNameRange     '4.9.1',
183 silly addNameRange     '4.9.2',
183 silly addNameRange     '3.17.3',
183 silly addNameRange     '4.9.3',
183 silly addNameRange     '3.17.4',
183 silly addNameRange     '4.9.4',
183 silly addNameRange     '3.17.5',
183 silly addNameRange     '4.9.5',
183 silly addNameRange     '3.17.6',
183 silly addNameRange     '3.17.7',
183 silly addNameRange     '4.9.6',
183 silly addNameRange     '4.9.7',
183 silly addNameRange     '3.17.8',
183 silly addNameRange     '4.9.8',
183 silly addNameRange     '3.18.0',
183 silly addNameRange     '3.18.1',
183 silly addNameRange     '4.10.0',
183 silly addNameRange     '3.18.2',
183 silly addNameRange     '4.10.1',
183 silly addNameRange     '5.0.0-alpha.1',
183 silly addNameRange     '3.18.3',
183 silly addNameRange     '4.10.2',
183 silly addNameRange     '3.18.4',
183 silly addNameRange     '4.10.3',
183 silly addNameRange     '4.10.4',
183 silly addNameRange     '4.10.5',
183 silly addNameRange     '3.18.5',
183 silly addNameRange     '3.18.6',
183 silly addNameRange     '4.10.6',
183 silly addNameRange     '4.10.7',
183 silly addNameRange     '3.19.0',
183 silly addNameRange     '4.10.8',
183 silly addNameRange     '4.11.0',
183 silly addNameRange     '3.19.1',
183 silly addNameRange     '4.11.1',
183 silly addNameRange     '3.19.2',
183 silly addNameRange     '4.11.2',
183 silly addNameRange     '3.20.0',
183 silly addNameRange     '4.12.0',
183 silly addNameRange     '3.20.1',
183 silly addNameRange     '4.12.1',
183 silly addNameRange     '4.12.2',
183 silly addNameRange     '3.20.2',
183 silly addNameRange     '4.12.3',
183 silly addNameRange     '3.20.3',
183 silly addNameRange     '4.12.4',
183 silly addNameRange     '3.21.0',
183 silly addNameRange     '4.13.0',
183 silly addNameRange     '3.21.1',
183 silly addNameRange     '4.13.1',
183 silly addNameRange     '5.0.0-alpha.2',
183 silly addNameRange     '3.21.2',
183 silly addNameRange     '4.13.2',
183 silly addNameRange     '4.13.3',
183 silly addNameRange     '4.13.4' ] ]
184 verbose addNamed [ 'express', '4.13.4' ]
185 verbose addNamed [ '4.13.4', '4.13.4' ]
186 silly lockFile 23607823-express-4-13-4 express@4.13.4
187 verbose lock express@4.13.4 /home/gabranches/.npm/23607823-express-4-13-4.lock
188 silly lockFile 6113fc24-jade-1-11-0 jade@^1.11.0
189 silly lockFile 6113fc24-jade-1-11-0 jade@^1.11.0
190 silly lockFile 0a7d5dad-express-session-1-11-3 express-session@^1.11.3
191 silly lockFile 0a7d5dad-express-session-1-11-3 express-session@^1.11.3
192 silly addNameRange number 2 { name: 'ejs', range: '>=2.3.4-0 <3.0.0-0', hasData: true }
193 silly addNameRange versions [ 'ejs',
193 silly addNameRange   [ '0.0.1',
193 silly addNameRange     '0.0.2',
193 silly addNameRange     '0.0.3',
193 silly addNameRange     '0.0.4',
193 silly addNameRange     '0.1.0',
193 silly addNameRange     '0.2.0',
193 silly addNameRange     '0.2.1',
193 silly addNameRange     '0.3.0',
193 silly addNameRange     '0.3.1',
193 silly addNameRange     '0.4.0',
193 silly addNameRange     '0.4.1',
193 silly addNameRange     '0.4.2',
193 silly addNameRange     '0.4.3',
193 silly addNameRange     '0.5.0',
193 silly addNameRange     '0.6.0',
193 silly addNameRange     '0.6.1',
193 silly addNameRange     '0.7.0',
193 silly addNameRange     '0.7.1',
193 silly addNameRange     '0.7.2',
193 silly addNameRange     '0.8.0',
193 silly addNameRange     '0.8.1',
193 silly addNameRange     '0.8.2',
193 silly addNameRange     '0.8.3',
193 silly addNameRange     '0.8.4',
193 silly addNameRange     '0.8.5',
193 silly addNameRange     '0.8.6',
193 silly addNameRange     '0.8.8',
193 silly addNameRange     '1.0.0',
193 silly addNameRange     '2.0.2',
193 silly addNameRange     '2.0.3',
193 silly addNameRange     '2.0.4',
193 silly addNameRange     '2.0.5',
193 silly addNameRange     '2.0.6',
193 silly addNameRange     '2.0.7',
193 silly addNameRange     '2.0.8',
193 silly addNameRange     '2.1.1',
193 silly addNameRange     '2.1.2',
193 silly addNameRange     '2.1.3',
193 silly addNameRange     '2.1.4',
193 silly addNameRange     '2.2.1',
193 silly addNameRange     '2.2.2',
193 silly addNameRange     '2.2.3',
193 silly addNameRange     '2.2.4',
193 silly addNameRange     '2.3.1',
193 silly addNameRange     '2.3.2',
193 silly addNameRange     '2.3.3',
193 silly addNameRange     '2.3.4',
193 silly addNameRange     '2.4.1' ] ]
194 verbose addNamed [ 'ejs', '2.4.1' ]
195 verbose addNamed [ '2.4.1', '2.4.1' ]
196 silly lockFile c6838b74-ejs-2-4-1 ejs@2.4.1
197 verbose lock ejs@2.4.1 /home/gabranches/.npm/c6838b74-ejs-2-4-1.lock
198 silly addNameRange number 2 { name: 'socket.io', range: '>=1.3.7-0 <2.0.0-0', hasData: true }
199 silly addNameRange versions [ 'socket.io',
199 silly addNameRange   [ '0.3.8',
199 silly addNameRange     '0.4.0',
199 silly addNameRange     '0.4.1',
199 silly addNameRange     '0.5.1',
199 silly addNameRange     '0.5.3',
199 silly addNameRange     '0.6.0',
199 silly addNameRange     '0.6.1',
199 silly addNameRange     '0.6.3',
199 silly addNameRange     '0.6.4',
199 silly addNameRange     '0.6.5',
199 silly addNameRange     '0.6.6',
199 silly addNameRange     '0.6.7',
199 silly addNameRange     '0.6.8',
199 silly addNameRange     '0.6.9',
199 silly addNameRange     '0.6.10',
199 silly addNameRange     '0.6.11',
199 silly addNameRange     '0.6.12',
199 silly addNameRange     '0.6.14',
199 silly addNameRange     '0.6.15',
199 silly addNameRange     '0.6.16',
199 silly addNameRange     '0.6.17',
199 silly addNameRange     '0.6.18',
199 silly addNameRange     '0.7.0',
199 silly addNameRange     '0.7.1',
199 silly addNameRange     '0.7.2',
199 silly addNameRange     '0.7.3',
199 silly addNameRange     '0.7.4',
199 silly addNameRange     '0.7.5',
199 silly addNameRange     '0.7.6',
199 silly addNameRange     '0.7.7',
199 silly addNameRange     '0.7.8',
199 silly addNameRange     '0.7.9',
199 silly addNameRange     '0.7.10',
199 silly addNameRange     '0.7.11',
199 silly addNameRange     '0.8.0',
199 silly addNameRange     '0.8.1',
199 silly addNameRange     '0.8.2',
199 silly addNameRange     '0.8.3',
199 silly addNameRange     '0.8.4',
199 silly addNameRange     '0.8.5',
199 silly addNameRange     '0.8.6',
199 silly addNameRange     '0.8.7',
199 silly addNameRange     '0.9.0',
199 silly addNameRange     '0.9.1',
199 silly addNameRange     '0.9.1-1',
199 silly addNameRange     '0.9.2',
199 silly addNameRange     '0.9.3',
199 silly addNameRange     '0.9.4',
199 silly addNameRange     '0.9.5',
199 silly addNameRange     '0.9.6',
199 silly addNameRange     '0.9.7',
199 silly addNameRange     '0.9.8',
199 silly addNameRange     '0.9.9',
199 silly addNameRange     '0.9.10',
199 silly addNameRange     '0.9.11',
199 silly addNameRange     '0.9.12',
199 silly addNameRange     '0.9.13',
199 silly addNameRange     '0.9.14',
199 silly addNameRange     '0.9.15',
199 silly addNameRange     '0.9.16',
199 silly addNameRange     '1.0.0-pre',
199 silly addNameRange     '1.0.0-pre2',
199 silly addNameRange     '1.0.0-pre3',
199 silly addNameRange     '1.0.0-pre4',
199 silly addNameRange     '1.0.0-pre5',
199 silly addNameRange     '0.9.17',
199 silly addNameRange     '1.0.0',
199 silly addNameRange     '1.0.1',
199 silly addNameRange     '1.0.2',
199 silly addNameRange     '1.0.3',
199 silly addNameRange     '1.0.4',
199 silly addNameRange     '1.0.5',
199 silly addNameRange     '1.0.6',
199 silly addNameRange     '1.1.0',
199 silly addNameRange     '1.2.0',
199 silly addNameRange     '1.2.1',
199 silly addNameRange     '1.3.0',
199 silly addNameRange     '1.3.1',
199 silly addNameRange     '1.3.2',
199 silly addNameRange     '1.3.3',
199 silly addNameRange     '1.3.4',
199 silly addNameRange     '1.3.5',
199 silly addNameRange     '1.3.6',
199 silly addNameRange     '1.3.7',
199 silly addNameRange     '1.4.0',
199 silly addNameRange     '1.4.1',
199 silly addNameRange     '1.4.2',
199 silly addNameRange     '1.4.3',
199 silly addNameRange     '1.4.4',
199 silly addNameRange     '1.4.5' ] ]
200 verbose addNamed [ 'socket.io', '1.4.5' ]
201 verbose addNamed [ '1.4.5', '1.4.5' ]
202 silly lockFile b548408d-socket-io-1-4-5 socket.io@1.4.5
203 verbose lock socket.io@1.4.5 /home/gabranches/.npm/b548408d-socket-io-1-4-5.lock
204 silly lockFile d467c777-stry-npmjs-org-ejs-ejs-2-4-1-tgz https://registry.npmjs.org/ejs/-/ejs-2.4.1.tgz
205 verbose lock https://registry.npmjs.org/ejs/-/ejs-2.4.1.tgz /home/gabranches/.npm/d467c777-stry-npmjs-org-ejs-ejs-2-4-1-tgz.lock
206 silly lockFile ae8cccee-rg-socket-io-socket-io-1-4-5-tgz https://registry.npmjs.org/socket.io/-/socket.io-1.4.5.tgz
207 verbose lock https://registry.npmjs.org/socket.io/-/socket.io-1.4.5.tgz /home/gabranches/.npm/ae8cccee-rg-socket-io-socket-io-1-4-5-tgz.lock
208 verbose addRemoteTarball [ 'https://registry.npmjs.org/ejs/-/ejs-2.4.1.tgz',
208 verbose addRemoteTarball   '82e15b1b2a1f948b18097476ba2bd7c66f4d1566' ]
209 verbose addRemoteTarball [ 'https://registry.npmjs.org/socket.io/-/socket.io-1.4.5.tgz',
209 verbose addRemoteTarball   'f202f49eeb9cf7cf6c0971ad75d8d96d451ea4f7' ]
210 silly lockFile e37e40c0-mongoose-4-3-7 mongoose@4.3.7
211 silly lockFile e37e40c0-mongoose-4-3-7 mongoose@4.3.7
212 silly lockFile 05a9f8c4-mongoose-4-2-4 mongoose@^4.2.4
213 silly lockFile 05a9f8c4-mongoose-4-2-4 mongoose@^4.2.4
214 silly lockFile 23607823-express-4-13-4 express@4.13.4
215 silly lockFile 23607823-express-4-13-4 express@4.13.4
216 silly lockFile 77b2ac86-express-4-10-2 express@^4.10.2
217 silly lockFile 77b2ac86-express-4-10-2 express@^4.10.2
218 info retry fetch attempt 1 at 18:39:01
219 verbose fetch to= /tmp/npm-5162-wCLW0B-o/registry.npmjs.org/ejs/-/ejs-2.4.1.tgz
220 info retry fetch attempt 1 at 18:39:01
221 verbose fetch to= /tmp/npm-5162-wCLW0B-o/registry.npmjs.org/socket.io/-/socket.io-1.4.5.tgz
222 http GET https://registry.npmjs.org/ejs/-/ejs-2.4.1.tgz
223 http GET https://registry.npmjs.org/socket.io/-/socket.io-1.4.5.tgz
224 http 200 https://registry.npmjs.org/rangeslider.js
225 silly registry.get cb [ 200,
225 silly registry.get   { server: 'CouchDB/1.5.0 (Erlang OTP/R16B03)',
225 silly registry.get     etag: '"8GTBYTSW89E30ASNUUWOY1UCT"',
225 silly registry.get     'content-type': 'application/json',
225 silly registry.get     'cache-control': 'max-age=300',
225 silly registry.get     'content-length': '36660',
225 silly registry.get     'accept-ranges': 'bytes',
225 silly registry.get     date: 'Mon, 01 Feb 2016 23:39:02 GMT',
225 silly registry.get     via: '1.1 varnish',
225 silly registry.get     age: '0',
225 silly registry.get     connection: 'keep-alive',
225 silly registry.get     'x-served-by': 'cache-atl6227-ATL',
225 silly registry.get     'x-cache': 'MISS',
225 silly registry.get     'x-cache-hits': '0',
225 silly registry.get     'x-timer': 'S1454369941.615090,VS0,VE474',
225 silly registry.get     vary: 'Accept' } ]
226 http 200 https://registry.npmjs.org/ejs/-/ejs-2.4.1.tgz
227 silly addNameRange number 2 { name: 'rangeslider.js',
227 silly addNameRange   range: '>=2.0.2-0 <3.0.0-0',
227 silly addNameRange   hasData: true }
228 silly addNameRange versions [ 'rangeslider.js',
228 silly addNameRange   [ '0.3.6',
228 silly addNameRange     '0.3.7',
228 silly addNameRange     '0.3.8',
228 silly addNameRange     '0.3.9',
228 silly addNameRange     '1.0.0',
228 silly addNameRange     '1.1.0',
228 silly addNameRange     '1.2.0',
228 silly addNameRange     '1.2.1',
228 silly addNameRange     '1.2.2',
228 silly addNameRange     '1.3.2',
228 silly addNameRange     '1.3.3',
228 silly addNameRange     '2.0.0',
228 silly addNameRange     '2.0.1',
228 silly addNameRange     '2.0.2',
228 silly addNameRange     '2.0.3',
228 silly addNameRange     '2.0.4',
228 silly addNameRange     '2.0.5',
228 silly addNameRange     '2.1.0',
228 silly addNameRange     '2.1.1' ] ]
229 verbose addNamed [ 'rangeslider.js', '2.1.1' ]
230 verbose addNamed [ '2.1.1', '2.1.1' ]
231 silly lockFile 33d50b81-rangeslider-js-2-1-1 rangeslider.js@2.1.1
232 verbose lock rangeslider.js@2.1.1 /home/gabranches/.npm/33d50b81-rangeslider-js-2-1-1.lock
233 silly lockFile d467c777-stry-npmjs-org-ejs-ejs-2-4-1-tgz https://registry.npmjs.org/ejs/-/ejs-2.4.1.tgz
234 silly lockFile d467c777-stry-npmjs-org-ejs-ejs-2-4-1-tgz https://registry.npmjs.org/ejs/-/ejs-2.4.1.tgz
235 silly lockFile 0b8a2248-ider-js-rangeslider-js-2-1-1-tgz https://registry.npmjs.org/rangeslider.js/-/rangeslider.js-2.1.1.tgz
236 verbose lock https://registry.npmjs.org/rangeslider.js/-/rangeslider.js-2.1.1.tgz /home/gabranches/.npm/0b8a2248-ider-js-rangeslider-js-2-1-1-tgz.lock
237 silly lockFile c6838b74-ejs-2-4-1 ejs@2.4.1
238 silly lockFile c6838b74-ejs-2-4-1 ejs@2.4.1
239 verbose addRemoteTarball [ 'https://registry.npmjs.org/rangeslider.js/-/rangeslider.js-2.1.1.tgz',
239 verbose addRemoteTarball   'be2c7e6688c0cda2571a97f1895474587e5c0f22' ]
240 silly lockFile 3bc190c9-ejs-2-3-4 ejs@^2.3.4
241 silly lockFile 3bc190c9-ejs-2-3-4 ejs@^2.3.4
242 info retry fetch attempt 1 at 18:39:02
243 verbose fetch to= /tmp/npm-5162-wCLW0B-o/registry.npmjs.org/rangeslider.js/-/rangeslider.js-2.1.1.tgz
244 http GET https://registry.npmjs.org/rangeslider.js/-/rangeslider.js-2.1.1.tgz
245 http 200 https://registry.npmjs.org/socket.io/-/socket.io-1.4.5.tgz
246 http 200 https://registry.npmjs.org/rangeslider.js/-/rangeslider.js-2.1.1.tgz
247 silly lockFile 0b8a2248-ider-js-rangeslider-js-2-1-1-tgz https://registry.npmjs.org/rangeslider.js/-/rangeslider.js-2.1.1.tgz
248 silly lockFile 0b8a2248-ider-js-rangeslider-js-2-1-1-tgz https://registry.npmjs.org/rangeslider.js/-/rangeslider.js-2.1.1.tgz
249 silly lockFile 33d50b81-rangeslider-js-2-1-1 rangeslider.js@2.1.1
250 silly lockFile 33d50b81-rangeslider-js-2-1-1 rangeslider.js@2.1.1
251 silly lockFile b5c11d8c-rangeslider-js-2-0-2 rangeslider.js@^2.0.2
252 silly lockFile b5c11d8c-rangeslider-js-2-0-2 rangeslider.js@^2.0.2
253 silly lockFile ae8cccee-rg-socket-io-socket-io-1-4-5-tgz https://registry.npmjs.org/socket.io/-/socket.io-1.4.5.tgz
254 silly lockFile ae8cccee-rg-socket-io-socket-io-1-4-5-tgz https://registry.npmjs.org/socket.io/-/socket.io-1.4.5.tgz
255 silly lockFile b548408d-socket-io-1-4-5 socket.io@1.4.5
256 silly lockFile b548408d-socket-io-1-4-5 socket.io@1.4.5
257 silly lockFile e4778f57-socket-io-1-3-7 socket.io@^1.3.7
258 silly lockFile e4778f57-socket-io-1-3-7 socket.io@^1.3.7
259 error Error: EACCES, mkdir '/home/gabranches/.npm/ejs/2.4.1'
259 error  { [Error: EACCES, mkdir '/home/gabranches/.npm/ejs/2.4.1']
259 error   errno: 3,
259 error   code: 'EACCES',
259 error   path: '/home/gabranches/.npm/ejs/2.4.1',
259 error   parent: 'OverMatch' }
260 error Please try running this command again as root/Administrator.
261 error System Linux 3.19.0-26-generic
262 error command "/usr/bin/node" "/usr/bin/npm" "install"
263 error cwd /home/gabranches/overmatch
264 error node -v v0.10.40
265 error npm -v 1.4.28
266 error path /home/gabranches/.npm/ejs/2.4.1
267 error code EACCES
268 error errno 3
269 error stack Error: EACCES, mkdir '/home/gabranches/.npm/ejs/2.4.1'
270 verbose exit [ 3, true ]
